Started GET "/api/movies?name=" for ::1 at 2021-07-03 15:19:57 -0300
  [1m[35m (0.1ms)[0m  [1m[34mSELECT "schema_migrations"."version" FROM "schema_migrations" ORDER BY "schema_migrations"."version" ASC[0m
  ↳ /var/lib/gems/2.7.0/gems/activerecord-5.2.4.5/lib/active_record/log_subscriber.rb:98
Processing by Api::MoviesController#index as HTML
  Parameters: {"name"=>""}
  [1m[36mMovie Load (0.1ms)[0m  [1m[34mSELECT "movies".* FROM "movies"[0m
  ↳ app/controllers/api/movies_controller.rb:8
Completed 200 OK in 7ms (Views: 4.9ms | ActiveRecord: 0.4ms)


Started GET "/api/movies?name=" for ::1 at 2021-07-03 15:20:06 -0300
Processing by Api::MoviesController#index as HTML
  Parameters: {"name"=>""}
  [1m[36mMovie Load (0.1ms)[0m  [1m[34mSELECT "movies".* FROM "movies"[0m
  ↳ app/controllers/api/movies_controller.rb:8
Completed 200 OK in 2ms (Views: 1.6ms | ActiveRecord: 0.1ms)


Started POST "/api/movies" for ::1 at 2021-07-03 15:20:21 -0300
Processing by Api::MoviesController#create as HTML
  Parameters: {"name"=>"Teste", "year"=>"2001", "synopsis"=>"Diana é bebezense", "director"=>"Diogo", "grade"=>5, "movie"=>{"name"=>"Teste", "year"=>"2001", "synopsis"=>"Diana é bebezense", "director"=>"Diogo", "grade"=>5}}
  [1m[35m (0.0ms)[0m  [1m[36mbegin transaction[0m
  ↳ app/controllers/api/movies_controller.rb:26
  [1m[36mMovie Exists (0.1ms)[0m  [1m[34mSELECT  1 AS one FROM "movies" WHERE LOWER("movies"."name") = LOWER(?) LIMIT ?[0m  [["name", "Teste"], ["LIMIT", 1]]
  ↳ app/controllers/api/movies_controller.rb:26
  [1m[36mMovie Create (0.1ms)[0m  [1m[32mINSERT INTO "movies" ("name", "year", "synopsis", "director", "grade", "created_at", "updated_at") VALUES (?, ?, ?, ?, ?, ?, ?)[0m  [["name", "Teste"], ["year", "2001"], ["synopsis", "Diana é bebezense"], ["director", "Diogo"], ["grade", 5], ["created_at", "2021-07-03 18:20:21.471241"], ["updated_at", "2021-07-03 18:20:21.471241"]]
  ↳ app/controllers/api/movies_controller.rb:26
  [1m[35m (6.0ms)[0m  [1m[36mcommit transaction[0m
  ↳ app/controllers/api/movies_controller.rb:26
Completed 201 Created in 10ms (Views: 0.3ms | ActiveRecord: 6.2ms)


Started GET "/api/movies?name=" for ::1 at 2021-07-03 15:20:23 -0300
Processing by Api::MoviesController#index as HTML
  Parameters: {"name"=>""}
  [1m[36mMovie Load (0.2ms)[0m  [1m[34mSELECT "movies".* FROM "movies"[0m
  ↳ app/controllers/api/movies_controller.rb:8
Completed 200 OK in 2ms (Views: 1.8ms | ActiveRecord: 0.2ms)


Started DELETE "/api/movies/43" for ::1 at 2021-07-03 15:20:29 -0300
Processing by Api::MoviesController#destroy as HTML
  Parameters: {"id"=>"43"}
  [1m[36mMovie Load (0.1ms)[0m  [1m[34mSELECT  "movies".* FROM "movies" WHERE "movies"."id" = ? LIMIT ?[0m  [["id", 43], ["LIMIT", 1]]
  ↳ app/controllers/api/movies_controller.rb:50
  [1m[35m (0.0ms)[0m  [1m[36mbegin transaction[0m
  ↳ app/controllers/api/movies_controller.rb:44
  [1m[36mMovie Destroy (0.1ms)[0m  [1m[31mDELETE FROM "movies" WHERE "movies"."id" = ?[0m  [["id", 43]]
  ↳ app/controllers/api/movies_controller.rb:44
  [1m[35m (5.5ms)[0m  [1m[36mcommit transaction[0m
  ↳ app/controllers/api/movies_controller.rb:44
Completed 204 No Content in 18ms (ActiveRecord: 5.7ms)


Started GET "/api/movies?name=" for ::1 at 2021-07-03 15:20:29 -0300
Processing by Api::MoviesController#index as HTML
  Parameters: {"name"=>""}
  [1m[36mMovie Load (0.1ms)[0m  [1m[34mSELECT "movies".* FROM "movies"[0m
  ↳ app/controllers/api/movies_controller.rb:8
Completed 200 OK in 3ms (Views: 2.2ms | ActiveRecord: 0.1ms)


